2019-03-12 08:23:30.379  INFO 1484 --- [restartedMain] com.usa.ri.gov.ies.IesApplication        : Starting IesApplication on server with PID 1484 (E:\280119\workspace\IES\target\classes started by admin in E:\280119\workspace\IES)
2019-03-12 08:23:30.395 DEBUG 1484 --- [restartedMain] com.usa.ri.gov.ies.IesApplication        : Running with Spring Boot v2.1.2.RELEASE, Spring v5.1.4.RELEASE
2019-03-12 08:23:30.395  INFO 1484 --- [restartedMain] com.usa.ri.gov.ies.IesApplication        : The following profiles are active: dev
2019-03-12 08:23:30.469  INFO 1484 --- [restartedMain] .e.DevToolsPropertyDefaultsPostProcessor : Devtools property defaults active! Set 'spring.devtools.add-properties' to 'false' to disable
2019-03-12 08:23:30.469  INFO 1484 --- [restartedMain] .e.DevToolsPropertyDefaultsPostProcessor : For additional web related logging consider setting the 'logging.level.web' property to 'DEBUG'
2019-03-12 08:23:31.712  INFO 1484 --- [restartedMain] .s.d.r.c.RepositoryConfigurationDelegate : Bootstrapping Spring Data repositories in DEFAULT mode.
2019-03-12 08:23:31.834  INFO 1484 --- [restartedMain] .s.d.r.c.RepositoryConfigurationDelegate : Finished Spring Data repository scanning in 110ms. Found 1 repository interfaces.
2019-03-12 08:23:32.425  INFO 1484 --- [restartedMain] trationDelegate$BeanPostProcessorChecker : Bean 'org.springframework.transaction.annotation.ProxyTransactionManagementConfiguration' of type [org.springframework.transaction.annotation.ProxyTransactionManagementConfiguration$$EnhancerBySpringCGLIB$$c3710358] is not eligible for getting processed by all BeanPostProcessors (for example: not eligible for auto-proxying)
2019-03-12 08:23:33.092  INFO 1484 --- [restartedMain] o.s.b.w.embedded.tomcat.TomcatWebServer  : Tomcat initialized with port(s): 7070 (http)
2019-03-12 08:23:33.131  INFO 1484 --- [restartedMain] o.apache.catalina.core.StandardService   : Starting service [Tomcat]
2019-03-12 08:23:33.132  INFO 1484 --- [restartedMain] org.apache.catalina.core.StandardEngine  : Starting Servlet engine: [Apache Tomcat/9.0.14]
2019-03-12 08:23:33.142  INFO 1484 --- [restartedMain] o.a.catalina.core.AprLifecycleListener   : The APR based Apache Tomcat Native library which allows optimal performance in production environments was not found on the java.library.path: [C:\Program Files (x86)\Java\jdk1.8.0_20\bin;C:\Windows\Sun\Java\bin;C:\Windows\system32;C:\Windows;C:\Program Files (x86)\Java\jdk1.8.0_20\jre\bin;c:/Program Files (x86)/Java/jdk1.8.0_20/bin/../jre/bin/client;c:/Program Files (x86)/Java/jdk1.8.0_20/bin/../jre/bin;c:/Program Files (x86)/Java/jdk1.8.0_20/bin/../jre/lib/i386;C:\Users\admin\AppData\Local\Programs\Python\Python36\Scripts\;C:\Users\admin\AppData\Local\Programs\Python\Python36\;C:\oraclexe\app\oracle\product\10.2.0\server\bin;C:\Program Files\Python36\Scripts\;C:\Program Files\Python36\;c:\Program Files (x86)\Java\jdk1.8.0_20\bin;C:\ProgramData\Oracle\Java\javapath;c:\oracle\product\10.2.0\db_1\bin;C:\Windows\system32;C:\Windows;C:\Windows\System32\Wbem;C:\Windows\System32\WindowsPowerShell\v1.0\;C:\apache-maven-3.5.4\bin;C:\Program Files\nodejs\;C:\Program Files\Git\cmd;C:\Program Files\VisualSVN Server\bin;C:\Program Files\TortoiseSVN\bin;E:\Softwares\zookeeper-3.4.12\bin;.;C:\Program Files\Python36;C:\Program Files\Python36\Scripts;E:\Softwares\zookeeper-3.4.12\bin;.;;E:\sts-bundle\sts-3.9.5.RELEASE;;.]
2019-03-12 08:23:33.618  INFO 1484 --- [restartedMain] org.apache.jasper.servlet.TldScanner     : At least one JAR was scanned for TLDs yet contained no TLDs. Enable debug logging for this logger for a complete list of JARs that were scanned but no TLDs were found in them. Skipping unneeded JARs during scanning can improve startup time and JSP compilation time.
2019-03-12 08:23:33.624  INFO 1484 --- [restartedMain] o.a.c.c.C.[Tomcat].[localhost].[/IES]    : Initializing Spring embedded WebApplicationContext
2019-03-12 08:23:33.624  INFO 1484 --- [restartedMain] o.s.web.context.ContextLoader            : Root WebApplicationContext: initialization completed in 3154 ms
2019-03-12 08:23:34.011  INFO 1484 --- [restartedMain] com.zaxxer.hikari.HikariDataSource       : HikariPool-1 - Starting...
2019-03-12 08:23:34.012  WARN 1484 --- [restartedMain] com.zaxxer.hikari.util.DriverDataSource  : Registered driver with driverClassName=oracle.jdbc.driver.OracleDriver was not found, trying direct instantiation.
2019-03-12 08:23:36.138  INFO 1484 --- [restartedMain] com.zaxxer.hikari.pool.PoolBase          : HikariPool-1 - Driver does not support get/set network timeout for connections. (oracle.jdbc.driver.T4CConnection.getNetworkTimeout()I)
2019-03-12 08:23:36.171  INFO 1484 --- [restartedMain] com.zaxxer.hikari.HikariDataSource       : HikariPool-1 - Start completed.
2019-03-12 08:23:36.256  INFO 1484 --- [restartedMain] o.hibernate.jpa.internal.util.LogHelper  : HHH000204: Processing PersistenceUnitInfo [
	name: default
	...]
2019-03-12 08:23:36.381  INFO 1484 --- [restartedMain] org.hibernate.Version                    : HHH000412: Hibernate Core {5.3.7.Final}
2019-03-12 08:23:36.397  INFO 1484 --- [restartedMain] org.hibernate.cfg.Environment            : HHH000206: hibernate.properties not found
2019-03-12 08:23:36.653  INFO 1484 --- [restartedMain] o.hibernate.annotations.common.Version   : HCANN000001: Hibernate Commons Annotations {5.0.4.Final}
2019-03-12 08:23:36.868  INFO 1484 --- [restartedMain] org.hibernate.dialect.Dialect            : HHH000400: Using dialect: org.hibernate.dialect.OracleDialect
2019-03-12 08:23:36.877  WARN 1484 --- [restartedMain] org.hibernate.dialect.Oracle9Dialect     : HHH000063: The Oracle9Dialect dialect has been deprecated; use either Oracle9iDialect or Oracle10gDialect instead
2019-03-12 08:23:36.879  WARN 1484 --- [restartedMain] org.hibernate.dialect.OracleDialect      : HHH000064: The OracleDialect dialect has been deprecated; use Oracle8iDialect instead
2019-03-12 08:23:41.329  WARN 1484 --- [restartedMain] o.h.t.s.i.ExceptionHandlerLoggedImpl     : GenerationTarget encountered exception accepting command : Error executing DDL "
    create table app_accounts (
       acc_id number(10,0) not null,
        active_sw varchar2(255),
        create_dt date,
        dob varchar2(255),
        email varchar2(255),
        fname varchar2(255),
        gender varchar2(255),
        lname varchar2(255),
        pwd varchar2(255),
        phno varchar2(255),
        role varchar2(255),
        ssn number(19,0),
        update_dt date,
        primary key (acc_id)
    )" via JDBC Statement

org.hibernate.tool.schema.spi.CommandAcceptanceException: Error executing DDL "
    create table app_accounts (
       acc_id number(10,0) not null,
        active_sw varchar2(255),
        create_dt date,
        dob varchar2(255),
        email varchar2(255),
        fname varchar2(255),
        gender varchar2(255),
        lname varchar2(255),
        pwd varchar2(255),
        phno varchar2(255),
        role varchar2(255),
        ssn number(19,0),
        update_dt date,
        primary key (acc_id)
    )" via JDBC Statement
	at org.hibernate.tool.schema.internal.exec.GenerationTargetToDatabase.accept(GenerationTargetToDatabase.java:67) ~[hibernate-core-5.3.7.Final.jar:5.3.7.Final]
	at org.hibernate.tool.schema.internal.AbstractSchemaMigrator.applySqlString(AbstractSchemaMigrator.java:559) [hibernate-core-5.3.7.Final.jar:5.3.7.Final]
	at org.hibernate.tool.schema.internal.AbstractSchemaMigrator.applySqlStrings(AbstractSchemaMigrator.java:504) [hibernate-core-5.3.7.Final.jar:5.3.7.Final]
	at org.hibernate.tool.schema.internal.AbstractSchemaMigrator.createTable(AbstractSchemaMigrator.java:277) [hibernate-core-5.3.7.Final.jar:5.3.7.Final]
	at org.hibernate.tool.schema.internal.GroupedSchemaMigratorImpl.performTablesMigration(GroupedSchemaMigratorImpl.java:71) [hibernate-core-5.3.7.Final.jar:5.3.7.Final]
	at org.hibernate.tool.schema.internal.AbstractSchemaMigrator.performMigration(AbstractSchemaMigrator.java:207) [hibernate-core-5.3.7.Final.jar:5.3.7.Final]
	at org.hibernate.tool.schema.internal.AbstractSchemaMigrator.doMigration(AbstractSchemaMigrator.java:114) [hibernate-core-5.3.7.Final.jar:5.3.7.Final]
	at org.hibernate.tool.schema.spi.SchemaManagementToolCoordinator.performDatabaseAction(SchemaManagementToolCoordinator.java:183) [hibernate-core-5.3.7.Final.jar:5.3.7.Final]
	at org.hibernate.tool.schema.spi.SchemaManagementToolCoordinator.process(SchemaManagementToolCoordinator.java:72) [hibernate-core-5.3.7.Final.jar:5.3.7.Final]
	at org.hibernate.internal.SessionFactoryImpl.<init>(SessionFactoryImpl.java:310) [hibernate-core-5.3.7.Final.jar:5.3.7.Final]
	at org.hibernate.boot.internal.SessionFactoryBuilderImpl.build(SessionFactoryBuilderImpl.java:467) [hibernate-core-5.3.7.Final.jar:5.3.7.Final]
	at org.hibernate.jpa.boot.internal.EntityManagerFactoryBuilderImpl.build(EntityManagerFactoryBuilderImpl.java:939) [hibernate-core-5.3.7.Final.jar:5.3.7.Final]
	at org.springframework.orm.jpa.vendor.SpringHibernateJpaPersistenceProvider.createContainerEntityManagerFactory(SpringHibernateJpaPersistenceProvider.java:57) [spring-orm-5.1.4.RELEASE.jar:5.1.4.RELEASE]
	at org.springframework.orm.jpa.LocalContainerEntityManagerFactoryBean.createNativeEntityManagerFactory(LocalContainerEntityManagerFactoryBean.java:365) [spring-orm-5.1.4.RELEASE.jar:5.1.4.RELEASE]
	at org.springframework.orm.jpa.AbstractEntityManagerFactoryBean.buildNativeEntityManagerFactory(AbstractEntityManagerFactoryBean.java:390) [spring-orm-5.1.4.RELEASE.jar:5.1.4.RELEASE]
	at org.springframework.orm.jpa.AbstractEntityManagerFactoryBean.afterPropertiesSet(AbstractEntityManagerFactoryBean.java:377) [spring-orm-5.1.4.RELEASE.jar:5.1.4.RELEASE]
	at org.springframework.orm.jpa.LocalContainerEntityManagerFactoryBean.afterPropertiesSet(LocalContainerEntityManagerFactoryBean.java:341) [spring-orm-5.1.4.RELEASE.jar:5.1.4.RELEASE]
	at org.springframework.beans.factory.support.AbstractAutowireCapableBeanFactory.invokeInitMethods(AbstractAutowireCapableBeanFactory.java:1804) [spring-beans-5.1.4.RELEASE.jar:5.1.4.RELEASE]
	at org.springframework.beans.factory.support.AbstractAutowireCapableBeanFactory.initializeBean(AbstractAutowireCapableBeanFactory.java:1741) [spring-beans-5.1.4.RELEASE.jar:5.1.4.RELEASE]
	at org.springframework.beans.factory.support.AbstractAutowireCapableBeanFactory.doCreateBean(AbstractAutowireCapableBeanFactory.java:576) [spring-beans-5.1.4.RELEASE.jar:5.1.4.RELEASE]
	at org.springframework.beans.factory.support.AbstractAutowireCapableBeanFactory.createBean(AbstractAutowireCapableBeanFactory.java:498) [spring-beans-5.1.4.RELEASE.jar:5.1.4.RELEASE]
	at org.springframework.beans.factory.support.AbstractBeanFactory.lambda$doGetBean$0(AbstractBeanFactory.java:320) [spring-beans-5.1.4.RELEASE.jar:5.1.4.RELEASE]
	at org.springframework.beans.factory.support.AbstractBeanFactory$$Lambda$122/1140134.getObject(Unknown Source) [spring-beans-5.1.4.RELEASE.jar:5.1.4.RELEASE]
	at org.springframework.beans.factory.support.DefaultSingletonBeanRegistry.getSingleton(DefaultSingletonBeanRegistry.java:222) [spring-beans-5.1.4.RELEASE.jar:5.1.4.RELEASE]
	at org.springframework.beans.factory.support.AbstractBeanFactory.doGetBean(AbstractBeanFactory.java:318) [spring-beans-5.1.4.RELEASE.jar:5.1.4.RELEASE]
	at org.springframework.beans.factory.support.AbstractBeanFactory.getBean(AbstractBeanFactory.java:199) [spring-beans-5.1.4.RELEASE.jar:5.1.4.RELEASE]
	at org.springframework.context.support.AbstractApplicationContext.getBean(AbstractApplicationContext.java:1083) [spring-context-5.1.4.RELEASE.jar:5.1.4.RELEASE]
	at org.springframework.context.support.AbstractApplicationContext.finishBeanFactoryInitialization(AbstractApplicationContext.java:853) [spring-context-5.1.4.RELEASE.jar:5.1.4.RELEASE]
	at org.springframework.context.support.AbstractApplicationContext.refresh(AbstractApplicationContext.java:546) [spring-context-5.1.4.RELEASE.jar:5.1.4.RELEASE]
	at org.springframework.boot.web.servlet.context.ServletWebServerApplicationContext.refresh(ServletWebServerApplicationContext.java:142) [spring-boot-2.1.2.RELEASE.jar:2.1.2.RELEASE]
	at org.springframework.boot.SpringApplication.refresh(SpringApplication.java:775) [spring-boot-2.1.2.RELEASE.jar:2.1.2.RELEASE]
	at org.springframework.boot.SpringApplication.refreshContext(SpringApplication.java:397) [spring-boot-2.1.2.RELEASE.jar:2.1.2.RELEASE]
	at org.springframework.boot.SpringApplication.run(SpringApplication.java:316) [spring-boot-2.1.2.RELEASE.jar:2.1.2.RELEASE]
	at org.springframework.boot.SpringApplication.run(SpringApplication.java:1260) [spring-boot-2.1.2.RELEASE.jar:2.1.2.RELEASE]
	at org.springframework.boot.SpringApplication.run(SpringApplication.java:1248) [spring-boot-2.1.2.RELEASE.jar:2.1.2.RELEASE]
	at com.usa.ri.gov.ies.IesApplication.main(IesApplication.java:10) [classes/:na]
	at sun.reflect.NativeMethodAccessorImpl.invoke0(Native Method) ~[na:1.8.0_20]
	at sun.reflect.NativeMethodAccessorImpl.invoke(NativeMethodAccessorImpl.java:62) ~[na:1.8.0_20]
	at sun.reflect.DelegatingMethodAccessorImpl.invoke(DelegatingMethodAccessorImpl.java:43) ~[na:1.8.0_20]
	at java.lang.reflect.Method.invoke(Method.java:483) ~[na:1.8.0_20]
	at org.springframework.boot.devtools.restart.RestartLauncher.run(RestartLauncher.java:49) [spring-boot-devtools-2.1.2.RELEASE.jar:2.1.2.RELEASE]
Caused by: java.sql.SQLSyntaxErrorException: ORA-00955: name is already used by an existing object

	at oracle.jdbc.driver.T4CTTIoer.processError(T4CTTIoer.java:447) ~[ojdbc6-2.1.jar:11.2.0.4.0]
	at oracle.jdbc.driver.T4CTTIoer.processError(T4CTTIoer.java:396) ~[ojdbc6-2.1.jar:11.2.0.4.0]
	at oracle.jdbc.driver.T4C8Oall.processError(T4C8Oall.java:951) ~[ojdbc6-2.1.jar:11.2.0.4.0]
	at oracle.jdbc.driver.T4CTTIfun.receive(T4CTTIfun.java:513) ~[ojdbc6-2.1.jar:11.2.0.4.0]
	at oracle.jdbc.driver.T4CTTIfun.doRPC(T4CTTIfun.java:227) ~[ojdbc6-2.1.jar:11.2.0.4.0]
	at oracle.jdbc.driver.T4C8Oall.doOALL(T4C8Oall.java:531) ~[ojdbc6-2.1.jar:11.2.0.4.0]
	at oracle.jdbc.driver.T4CStatement.doOall8(T4CStatement.java:195) ~[ojdbc6-2.1.jar:11.2.0.4.0]
	at oracle.jdbc.driver.T4CStatement.executeForRows(T4CStatement.java:1036) ~[ojdbc6-2.1.jar:11.2.0.4.0]
	at oracle.jdbc.driver.OracleStatement.doExecuteWithTimeout(OracleStatement.java:1336) ~[ojdbc6-2.1.jar:11.2.0.4.0]
	at oracle.jdbc.driver.OracleStatement.executeInternal(OracleStatement.java:1916) ~[ojdbc6-2.1.jar:11.2.0.4.0]
	at oracle.jdbc.driver.OracleStatement.execute(OracleStatement.java:1878) ~[ojdbc6-2.1.jar:11.2.0.4.0]
	at oracle.jdbc.driver.OracleStatementWrapper.execute(OracleStatementWrapper.java:318) ~[ojdbc6-2.1.jar:11.2.0.4.0]
	at com.zaxxer.hikari.pool.ProxyStatement.execute(ProxyStatement.java:95) ~[HikariCP-3.2.0.jar:na]
	at com.zaxxer.hikari.pool.HikariProxyStatement.execute(HikariProxyStatement.java) ~[HikariCP-3.2.0.jar:na]
	at org.hibernate.tool.schema.internal.exec.GenerationTargetToDatabase.accept(GenerationTargetToDatabase.java:54) ~[hibernate-core-5.3.7.Final.jar:5.3.7.Final]
	... 40 common frames omitted

2019-03-12 08:23:46.531  INFO 1484 --- [restartedMain] j.LocalContainerEntityManagerFactoryBean : Initialized JPA EntityManagerFactory for persistence unit 'default'
2019-03-12 08:23:46.640  INFO 1484 --- [restartedMain] o.s.b.d.a.OptionalLiveReloadServer       : LiveReload server is running on port 35729
2019-03-12 08:23:47.543  INFO 1484 --- [restartedMain] c.u.r.g.i.a.c.WelcomeRestController      : WelcomeRestController::Intialized
2019-03-12 08:23:48.239  INFO 1484 --- [restartedMain] o.s.s.concurrent.ThreadPoolTaskExecutor  : Initializing ExecutorService 'applicationTaskExecutor'
2019-03-12 08:23:48.405  WARN 1484 --- [restartedMain] aWebConfiguration$JpaWebMvcConfiguration : spring.jpa.open-in-view is enabled by default. Therefore, database queries may be performed during view rendering. Explicitly configure spring.jpa.open-in-view to disable this warning
2019-03-12 08:23:48.858  INFO 1484 --- [restartedMain] o.s.b.w.embedded.tomcat.TomcatWebServer  : Tomcat started on port(s): 7070 (http) with context path '/IES'
2019-03-12 08:23:48.862  INFO 1484 --- [restartedMain] com.usa.ri.gov.ies.IesApplication        : Started IesApplication in 19.396 seconds (JVM running for 21.413)
2019-03-12 08:24:24.894  INFO 1484 --- [http-nio-7070-exec-1] o.a.c.c.C.[Tomcat].[localhost].[/IES]    : Initializing Spring DispatcherServlet 'dispatcherServlet'
2019-03-12 08:24:24.895  INFO 1484 --- [http-nio-7070-exec-1] o.s.web.servlet.DispatcherServlet        : Initializing Servlet 'dispatcherServlet'
2019-03-12 08:24:24.909  INFO 1484 --- [http-nio-7070-exec-1] o.s.web.servlet.DispatcherServlet        : Completed initialization in 12 ms
2019-03-12 08:24:38.545 DEBUG 1484 --- [http-nio-7070-exec-4] c.u.r.g.i.a.controller.AdminController   : AdminController::accRegForm() started
2019-03-12 08:24:47.299 DEBUG 1484 --- [http-nio-7070-exec-4] c.u.r.g.i.a.controller.AdminController   : AdminController::accRegForm() ended
2019-03-12 08:24:47.300  INFO 1484 --- [http-nio-7070-exec-4] c.u.r.g.i.a.controller.AdminController   : Account Reg Form loaded Successfully
2019-03-12 08:25:26.757 DEBUG 1484 --- [http-nio-7070-exec-7] c.u.r.g.i.a.controller.AdminController   : viewAccounts() method started
2019-03-12 08:25:38.790 DEBUG 1484 --- [http-nio-7070-exec-7] c.u.r.g.i.a.service.AdminServiceImpl     : findAllAppAccounts() method started
2019-03-12 08:25:50.343  INFO 1484 --- [http-nio-7070-exec-7] o.h.h.i.QueryTranslatorFactoryInitiator  : HHH000397: Using ASTQueryTranslatorFactory
2019-03-12 08:26:41.146  INFO 1484 --- [http-nio-7070-exec-7] c.u.r.g.i.a.service.AdminServiceImpl     : All Accounts details loaded successfully
2019-03-12 08:26:43.080 DEBUG 1484 --- [http-nio-7070-exec-7] c.u.r.g.i.a.service.AdminServiceImpl     : findAllAppAccounts() method ended
2019-03-12 08:27:13.519 DEBUG 1484 --- [http-nio-7070-exec-7] c.u.r.g.i.a.controller.AdminController   : viewAccounts() method ended
2019-03-12 08:30:51.471  INFO 1484 --- [RMI TCP Connection(2)-127.0.0.1] inMXBeanRegistrar$SpringApplicationAdmin : Application shutdown requested.
2019-03-12 08:30:51.478  INFO 1484 --- [RMI TCP Connection(2)-127.0.0.1] o.s.s.concurrent.ThreadPoolTaskExecutor  : Shutting down ExecutorService 'applicationTaskExecutor'
2019-03-12 08:30:51.480  INFO 1484 --- [RMI TCP Connection(2)-127.0.0.1] j.LocalContainerEntityManagerFactoryBean : Closing JPA EntityManagerFactory for persistence unit 'default'
2019-03-12 08:30:51.488  INFO 1484 --- [RMI TCP Connection(2)-127.0.0.1] com.zaxxer.hikari.HikariDataSource       : HikariPool-1 - Shutdown initiated...
2019-03-12 08:30:51.557  INFO 1484 --- [RMI TCP Connection(2)-127.0.0.1] com.zaxxer.hikari.HikariDataSource       : HikariPool-1 - Shutdown completed.
2019-03-12 08:38:28.507  INFO 5276 --- [restartedMain] com.usa.ri.gov.ies.IesApplication        : Starting IesApplication on server with PID 5276 (E:\280119\workspace\IES\target\classes started by admin in E:\280119\workspace\IES)
2019-03-12 08:38:28.509 DEBUG 5276 --- [restartedMain] com.usa.ri.gov.ies.IesApplication        : Running with Spring Boot v2.1.2.RELEASE, Spring v5.1.4.RELEASE
2019-03-12 08:38:28.509  INFO 5276 --- [restartedMain] com.usa.ri.gov.ies.IesApplication        : The following profiles are active: dev
2019-03-12 08:38:28.566  INFO 5276 --- [restartedMain] .e.DevToolsPropertyDefaultsPostProcessor : Devtools property defaults active! Set 'spring.devtools.add-properties' to 'false' to disable
2019-03-12 08:38:28.567  INFO 5276 --- [restartedMain] .e.DevToolsPropertyDefaultsPostProcessor : For additional web related logging consider setting the 'logging.level.web' property to 'DEBUG'
2019-03-12 08:38:29.577  INFO 5276 --- [restartedMain] .s.d.r.c.RepositoryConfigurationDelegate : Bootstrapping Spring Data repositories in DEFAULT mode.
2019-03-12 08:38:29.664  INFO 5276 --- [restartedMain] .s.d.r.c.RepositoryConfigurationDelegate : Finished Spring Data repository scanning in 73ms. Found 1 repository interfaces.
2019-03-12 08:38:30.139  INFO 5276 --- [restartedMain] trationDelegate$BeanPostProcessorChecker : Bean 'org.springframework.transaction.annotation.ProxyTransactionManagementConfiguration' of type [org.springframework.transaction.annotation.ProxyTransactionManagementConfiguration$$EnhancerBySpringCGLIB$$dec77901] is not eligible for getting processed by all BeanPostProcessors (for example: not eligible for auto-proxying)
2019-03-12 08:38:30.670  INFO 5276 --- [restartedMain] o.s.b.w.embedded.tomcat.TomcatWebServer  : Tomcat initialized with port(s): 7070 (http)
2019-03-12 08:38:30.702  INFO 5276 --- [restartedMain] o.apache.catalina.core.StandardService   : Starting service [Tomcat]
2019-03-12 08:38:30.702  INFO 5276 --- [restartedMain] org.apache.catalina.core.StandardEngine  : Starting Servlet engine: [Apache Tomcat/9.0.14]
2019-03-12 08:38:30.712  INFO 5276 --- [restartedMain] o.a.catalina.core.AprLifecycleListener   : The APR based Apache Tomcat Native library which allows optimal performance in production environments was not found on the java.library.path: [C:\Program Files (x86)\Java\jdk1.8.0_20\bin;C:\Windows\Sun\Java\bin;C:\Windows\system32;C:\Windows;c:/Program Files (x86)/Java/jdk1.8.0_20/bin/../jre/bin/client;c:/Program Files (x86)/Java/jdk1.8.0_20/bin/../jre/bin;c:/Program Files (x86)/Java/jdk1.8.0_20/bin/../jre/lib/i386;C:\Users\admin\AppData\Local\Programs\Python\Python36\Scripts\;C:\Users\admin\AppData\Local\Programs\Python\Python36\;C:\oraclexe\app\oracle\product\10.2.0\server\bin;C:\Program Files\Python36\Scripts\;C:\Program Files\Python36\;c:\Program Files (x86)\Java\jdk1.8.0_20\bin;C:\ProgramData\Oracle\Java\javapath;c:\oracle\product\10.2.0\db_1\bin;C:\Windows\system32;C:\Windows;C:\Windows\System32\Wbem;C:\Windows\System32\WindowsPowerShell\v1.0\;C:\apache-maven-3.5.4\bin;C:\Program Files\nodejs\;C:\Program Files\Git\cmd;C:\Program Files\VisualSVN Server\bin;C:\Program Files\TortoiseSVN\bin;E:\Softwares\zookeeper-3.4.12\bin;.;C:\Program Files\Python36;C:\Program Files\Python36\Scripts;E:\Softwares\zookeeper-3.4.12\bin;.;;E:\sts-bundle\sts-3.9.5.RELEASE;;.]
2019-03-12 08:38:31.140  INFO 5276 --- [restartedMain] org.apache.jasper.servlet.TldScanner     : At least one JAR was scanned for TLDs yet contained no TLDs. Enable debug logging for this logger for a complete list of JARs that were scanned but no TLDs were found in them. Skipping unneeded JARs during scanning can improve startup time and JSP compilation time.
2019-03-12 08:38:31.146  INFO 5276 --- [restartedMain] o.a.c.c.C.[Tomcat].[localhost].[/IES]    : Initializing Spring embedded WebApplicationContext
2019-03-12 08:38:31.146  INFO 5276 --- [restartedMain] o.s.web.context.ContextLoader            : Root WebApplicationContext: initialization completed in 2579 ms
2019-03-12 08:38:31.353  INFO 5276 --- [restartedMain] com.zaxxer.hikari.HikariDataSource       : HikariPool-1 - Starting...
2019-03-12 08:38:31.357  WARN 5276 --- [restartedMain] com.zaxxer.hikari.util.DriverDataSource  : Registered driver with driverClassName=oracle.jdbc.driver.OracleDriver was not found, trying direct instantiation.
2019-03-12 08:38:31.615  INFO 5276 --- [restartedMain] com.zaxxer.hikari.pool.PoolBase          : HikariPool-1 - Driver does not support get/set network timeout for connections. (oracle.jdbc.driver.T4CConnection.getNetworkTimeout()I)
2019-03-12 08:38:31.634  INFO 5276 --- [restartedMain] com.zaxxer.hikari.HikariDataSource       : HikariPool-1 - Start completed.
2019-03-12 08:38:31.689  INFO 5276 --- [restartedMain] o.hibernate.jpa.internal.util.LogHelper  : HHH000204: Processing PersistenceUnitInfo [
	name: default
	...]
2019-03-12 08:38:31.773  INFO 5276 --- [restartedMain] org.hibernate.Version                    : HHH000412: Hibernate Core {5.3.7.Final}
2019-03-12 08:38:31.775  INFO 5276 --- [restartedMain] org.hibernate.cfg.Environment            : HHH000206: hibernate.properties not found
2019-03-12 08:38:31.981  INFO 5276 --- [restartedMain] o.hibernate.annotations.common.Version   : HCANN000001: Hibernate Commons Annotations {5.0.4.Final}
2019-03-12 08:38:32.149  INFO 5276 --- [restartedMain] org.hibernate.dialect.Dialect            : HHH000400: Using dialect: org.hibernate.dialect.OracleDialect
2019-03-12 08:38:32.157  WARN 5276 --- [restartedMain] org.hibernate.dialect.Oracle9Dialect     : HHH000063: The Oracle9Dialect dialect has been deprecated; use either Oracle9iDialect or Oracle10gDialect instead
2019-03-12 08:38:32.159  WARN 5276 --- [restartedMain] org.hibernate.dialect.OracleDialect      : HHH000064: The OracleDialect dialect has been deprecated; use Oracle8iDialect instead
2019-03-12 08:38:33.048  WARN 5276 --- [restartedMain] o.h.t.s.i.ExceptionHandlerLoggedImpl     : GenerationTarget encountered exception accepting command : Error executing DDL "
    create table app_accounts (
       acc_id number(10,0) not null,
        active_sw varchar2(255),
        create_dt date,
        dob varchar2(255),
        email varchar2(255),
        fname varchar2(255),
        gender varchar2(255),
        lname varchar2(255),
        pwd varchar2(255),
        phno varchar2(255),
        role varchar2(255),
        ssn number(19,0),
        update_dt date,
        primary key (acc_id)
    )" via JDBC Statement

org.hibernate.tool.schema.spi.CommandAcceptanceException: Error executing DDL "
    create table app_accounts (
       acc_id number(10,0) not null,
        active_sw varchar2(255),
        create_dt date,
        dob varchar2(255),
        email varchar2(255),
        fname varchar2(255),
        gender varchar2(255),
        lname varchar2(255),
        pwd varchar2(255),
        phno varchar2(255),
        role varchar2(255),
        ssn number(19,0),
        update_dt date,
        primary key (acc_id)
    )" via JDBC Statement
	at org.hibernate.tool.schema.internal.exec.GenerationTargetToDatabase.accept(GenerationTargetToDatabase.java:67) ~[hibernate-core-5.3.7.Final.jar:5.3.7.Final]
	at org.hibernate.tool.schema.internal.AbstractSchemaMigrator.applySqlString(AbstractSchemaMigrator.java:559) [hibernate-core-5.3.7.Final.jar:5.3.7.Final]
	at org.hibernate.tool.schema.internal.AbstractSchemaMigrator.applySqlStrings(AbstractSchemaMigrator.java:504) [hibernate-core-5.3.7.Final.jar:5.3.7.Final]
	at org.hibernate.tool.schema.internal.AbstractSchemaMigrator.createTable(AbstractSchemaMigrator.java:277) [hibernate-core-5.3.7.Final.jar:5.3.7.Final]
	at org.hibernate.tool.schema.internal.GroupedSchemaMigratorImpl.performTablesMigration(GroupedSchemaMigratorImpl.java:71) [hibernate-core-5.3.7.Final.jar:5.3.7.Final]
	at org.hibernate.tool.schema.internal.AbstractSchemaMigrator.performMigration(AbstractSchemaMigrator.java:207) [hibernate-core-5.3.7.Final.jar:5.3.7.Final]
	at org.hibernate.tool.schema.internal.AbstractSchemaMigrator.doMigration(AbstractSchemaMigrator.java:114) [hibernate-core-5.3.7.Final.jar:5.3.7.Final]
	at org.hibernate.tool.schema.spi.SchemaManagementToolCoordinator.performDatabaseAction(SchemaManagementToolCoordinator.java:183) [hibernate-core-5.3.7.Final.jar:5.3.7.Final]
	at org.hibernate.tool.schema.spi.SchemaManagementToolCoordinator.process(SchemaManagementToolCoordinator.java:72) [hibernate-core-5.3.7.Final.jar:5.3.7.Final]
	at org.hibernate.internal.SessionFactoryImpl.<init>(SessionFactoryImpl.java:310) [hibernate-core-5.3.7.Final.jar:5.3.7.Final]
	at org.hibernate.boot.internal.SessionFactoryBuilderImpl.build(SessionFactoryBuilderImpl.java:467) [hibernate-core-5.3.7.Final.jar:5.3.7.Final]
	at org.hibernate.jpa.boot.internal.EntityManagerFactoryBuilderImpl.build(EntityManagerFactoryBuilderImpl.java:939) [hibernate-core-5.3.7.Final.jar:5.3.7.Final]
	at org.springframework.orm.jpa.vendor.SpringHibernateJpaPersistenceProvider.createContainerEntityManagerFactory(SpringHibernateJpaPersistenceProvider.java:57) [spring-orm-5.1.4.RELEASE.jar:5.1.4.RELEASE]
	at org.springframework.orm.jpa.LocalContainerEntityManagerFactoryBean.createNativeEntityManagerFactory(LocalContainerEntityManagerFactoryBean.java:365) [spring-orm-5.1.4.RELEASE.jar:5.1.4.RELEASE]
	at org.springframework.orm.jpa.AbstractEntityManagerFactoryBean.buildNativeEntityManagerFactory(AbstractEntityManagerFactoryBean.java:390) [spring-orm-5.1.4.RELEASE.jar:5.1.4.RELEASE]
	at org.springframework.orm.jpa.AbstractEntityManagerFactoryBean.afterPropertiesSet(AbstractEntityManagerFactoryBean.java:377) [spring-orm-5.1.4.RELEASE.jar:5.1.4.RELEASE]
	at org.springframework.orm.jpa.LocalContainerEntityManagerFactoryBean.afterPropertiesSet(LocalContainerEntityManagerFactoryBean.java:341) [spring-orm-5.1.4.RELEASE.jar:5.1.4.RELEASE]
	at org.springframework.beans.factory.support.AbstractAutowireCapableBeanFactory.invokeInitMethods(AbstractAutowireCapableBeanFactory.java:1804) [spring-beans-5.1.4.RELEASE.jar:5.1.4.RELEASE]
	at org.springframework.beans.factory.support.AbstractAutowireCapableBeanFactory.initializeBean(AbstractAutowireCapableBeanFactory.java:1741) [spring-beans-5.1.4.RELEASE.jar:5.1.4.RELEASE]
	at org.springframework.beans.factory.support.AbstractAutowireCapableBeanFactory.doCreateBean(AbstractAutowireCapableBeanFactory.java:576) [spring-beans-5.1.4.RELEASE.jar:5.1.4.RELEASE]
	at org.springframework.beans.factory.support.AbstractAutowireCapableBeanFactory.createBean(AbstractAutowireCapableBeanFactory.java:498) [spring-beans-5.1.4.RELEASE.jar:5.1.4.RELEASE]
	at org.springframework.beans.factory.support.AbstractBeanFactory.lambda$doGetBean$0(AbstractBeanFactory.java:320) [spring-beans-5.1.4.RELEASE.jar:5.1.4.RELEASE]
	at org.springframework.beans.factory.support.AbstractBeanFactory$$Lambda$122/16272619.getObject(Unknown Source) [spring-beans-5.1.4.RELEASE.jar:5.1.4.RELEASE]
	at org.springframework.beans.factory.support.DefaultSingletonBeanRegistry.getSingleton(DefaultSingletonBeanRegistry.java:222) [spring-beans-5.1.4.RELEASE.jar:5.1.4.RELEASE]
	at org.springframework.beans.factory.support.AbstractBeanFactory.doGetBean(AbstractBeanFactory.java:318) [spring-beans-5.1.4.RELEASE.jar:5.1.4.RELEASE]
	at org.springframework.beans.factory.support.AbstractBeanFactory.getBean(AbstractBeanFactory.java:199) [spring-beans-5.1.4.RELEASE.jar:5.1.4.RELEASE]
	at org.springframework.context.support.AbstractApplicationContext.getBean(AbstractApplicationContext.java:1083) [spring-context-5.1.4.RELEASE.jar:5.1.4.RELEASE]
	at org.springframework.context.support.AbstractApplicationContext.finishBeanFactoryInitialization(AbstractApplicationContext.java:853) [spring-context-5.1.4.RELEASE.jar:5.1.4.RELEASE]
	at org.springframework.context.support.AbstractApplicationContext.refresh(AbstractApplicationContext.java:546) [spring-context-5.1.4.RELEASE.jar:5.1.4.RELEASE]
	at org.springframework.boot.web.servlet.context.ServletWebServerApplicationContext.refresh(ServletWebServerApplicationContext.java:142) [spring-boot-2.1.2.RELEASE.jar:2.1.2.RELEASE]
	at org.springframework.boot.SpringApplication.refresh(SpringApplication.java:775) [spring-boot-2.1.2.RELEASE.jar:2.1.2.RELEASE]
	at org.springframework.boot.SpringApplication.refreshContext(SpringApplication.java:397) [spring-boot-2.1.2.RELEASE.jar:2.1.2.RELEASE]
	at org.springframework.boot.SpringApplication.run(SpringApplication.java:316) [spring-boot-2.1.2.RELEASE.jar:2.1.2.RELEASE]
	at org.springframework.boot.SpringApplication.run(SpringApplication.java:1260) [spring-boot-2.1.2.RELEASE.jar:2.1.2.RELEASE]
	at org.springframework.boot.SpringApplication.run(SpringApplication.java:1248) [spring-boot-2.1.2.RELEASE.jar:2.1.2.RELEASE]
	at com.usa.ri.gov.ies.IesApplication.main(IesApplication.java:10) [classes/:na]
	at sun.reflect.NativeMethodAccessorImpl.invoke0(Native Method) ~[na:1.8.0_20]
	at sun.reflect.NativeMethodAccessorImpl.invoke(NativeMethodAccessorImpl.java:62) ~[na:1.8.0_20]
	at sun.reflect.DelegatingMethodAccessorImpl.invoke(DelegatingMethodAccessorImpl.java:43) ~[na:1.8.0_20]
	at java.lang.reflect.Method.invoke(Method.java:483) ~[na:1.8.0_20]
	at org.springframework.boot.devtools.restart.RestartLauncher.run(RestartLauncher.java:49) [spring-boot-devtools-2.1.2.RELEASE.jar:2.1.2.RELEASE]
Caused by: java.sql.SQLSyntaxErrorException: ORA-00955: name is already used by an existing object

	at oracle.jdbc.driver.T4CTTIoer.processError(T4CTTIoer.java:447) ~[ojdbc6-2.1.jar:11.2.0.4.0]
	at oracle.jdbc.driver.T4CTTIoer.processError(T4CTTIoer.java:396) ~[ojdbc6-2.1.jar:11.2.0.4.0]
	at oracle.jdbc.driver.T4C8Oall.processError(T4C8Oall.java:951) ~[ojdbc6-2.1.jar:11.2.0.4.0]
	at oracle.jdbc.driver.T4CTTIfun.receive(T4CTTIfun.java:513) ~[ojdbc6-2.1.jar:11.2.0.4.0]
	at oracle.jdbc.driver.T4CTTIfun.doRPC(T4CTTIfun.java:227) ~[ojdbc6-2.1.jar:11.2.0.4.0]
	at oracle.jdbc.driver.T4C8Oall.doOALL(T4C8Oall.java:531) ~[ojdbc6-2.1.jar:11.2.0.4.0]
	at oracle.jdbc.driver.T4CStatement.doOall8(T4CStatement.java:195) ~[ojdbc6-2.1.jar:11.2.0.4.0]
	at oracle.jdbc.driver.T4CStatement.executeForRows(T4CStatement.java:1036) ~[ojdbc6-2.1.jar:11.2.0.4.0]
	at oracle.jdbc.driver.OracleStatement.doExecuteWithTimeout(OracleStatement.java:1336) ~[ojdbc6-2.1.jar:11.2.0.4.0]
	at oracle.jdbc.driver.OracleStatement.executeInternal(OracleStatement.java:1916) ~[ojdbc6-2.1.jar:11.2.0.4.0]
	at oracle.jdbc.driver.OracleStatement.execute(OracleStatement.java:1878) ~[ojdbc6-2.1.jar:11.2.0.4.0]
	at oracle.jdbc.driver.OracleStatementWrapper.execute(OracleStatementWrapper.java:318) ~[ojdbc6-2.1.jar:11.2.0.4.0]
	at com.zaxxer.hikari.pool.ProxyStatement.execute(ProxyStatement.java:95) ~[HikariCP-3.2.0.jar:na]
	at com.zaxxer.hikari.pool.HikariProxyStatement.execute(HikariProxyStatement.java) ~[HikariCP-3.2.0.jar:na]
	at org.hibernate.tool.schema.internal.exec.GenerationTargetToDatabase.accept(GenerationTargetToDatabase.java:54) ~[hibernate-core-5.3.7.Final.jar:5.3.7.Final]
	... 40 common frames omitted

2019-03-12 08:38:33.250  INFO 5276 --- [restartedMain] j.LocalContainerEntityManagerFactoryBean : Initialized JPA EntityManagerFactory for persistence unit 'default'
2019-03-12 08:38:33.305  INFO 5276 --- [restartedMain] o.s.b.d.a.OptionalLiveReloadServer       : LiveReload server is running on port 35729
2019-03-12 08:38:33.783  INFO 5276 --- [restartedMain] c.u.r.g.i.a.c.WelcomeRestController      : WelcomeRestController::Intialized
2019-03-12 08:38:34.034  INFO 5276 --- [restartedMain] o.s.s.concurrent.ThreadPoolTaskExecutor  : Initializing ExecutorService 'applicationTaskExecutor'
2019-03-12 08:38:34.080  WARN 5276 --- [restartedMain] aWebConfiguration$JpaWebMvcConfiguration : spring.jpa.open-in-view is enabled by default. Therefore, database queries may be performed during view rendering. Explicitly configure spring.jpa.open-in-view to disable this warning
2019-03-12 08:38:34.341  INFO 5276 --- [restartedMain] o.s.b.w.embedded.tomcat.TomcatWebServer  : Tomcat started on port(s): 7070 (http) with context path '/IES'
2019-03-12 08:38:34.346  INFO 5276 --- [restartedMain] com.usa.ri.gov.ies.IesApplication        : Started IesApplication in 6.589 seconds (JVM running for 7.33)
2019-03-12 08:38:38.442  INFO 5276 --- [http-nio-7070-exec-1] o.a.c.c.C.[Tomcat].[localhost].[/IES]    : Initializing Spring DispatcherServlet 'dispatcherServlet'
2019-03-12 08:38:38.442  INFO 5276 --- [http-nio-7070-exec-1] o.s.web.servlet.DispatcherServlet        : Initializing Servlet 'dispatcherServlet'
2019-03-12 08:38:38.451  INFO 5276 --- [http-nio-7070-exec-1] o.s.web.servlet.DispatcherServlet        : Completed initialization in 9 ms
2019-03-12 08:38:38.492 DEBUG 5276 --- [http-nio-7070-exec-1] c.u.r.g.i.a.controller.AdminController   : viewAccounts() method started
2019-03-12 08:38:38.492 DEBUG 5276 --- [http-nio-7070-exec-1] c.u.r.g.i.a.service.AdminServiceImpl     : findAllAppAccounts() method started
2019-03-12 08:38:38.548  INFO 5276 --- [http-nio-7070-exec-1] o.h.h.i.QueryTranslatorFactoryInitiator  : HHH000397: Using ASTQueryTranslatorFactory
2019-03-12 08:38:38.736  INFO 5276 --- [http-nio-7070-exec-1] c.u.r.g.i.a.service.AdminServiceImpl     : All Accounts details loaded successfully
2019-03-12 08:38:38.737 DEBUG 5276 --- [http-nio-7070-exec-1] c.u.r.g.i.a.service.AdminServiceImpl     : findAllAppAccounts() method ended
2019-03-12 08:38:38.737 DEBUG 5276 --- [http-nio-7070-exec-1] c.u.r.g.i.a.controller.AdminController   : viewAccounts() method ended
2019-03-12 08:39:10.393 DEBUG 5276 --- [http-nio-7070-exec-3] c.u.r.g.i.a.controller.AdminController   : viewAccounts() method started
2019-03-12 08:39:10.393 DEBUG 5276 --- [http-nio-7070-exec-3] c.u.r.g.i.a.service.AdminServiceImpl     : findAllAppAccounts() method started
2019-03-12 08:39:10.409  INFO 5276 --- [http-nio-7070-exec-3] c.u.r.g.i.a.service.AdminServiceImpl     : All Accounts details loaded successfully
2019-03-12 08:39:10.410 DEBUG 5276 --- [http-nio-7070-exec-3] c.u.r.g.i.a.service.AdminServiceImpl     : findAllAppAccounts() method ended
2019-03-12 08:39:10.410 DEBUG 5276 --- [http-nio-7070-exec-3] c.u.r.g.i.a.controller.AdminController   : viewAccounts() method ended
2019-03-12 08:39:52.110 DEBUG 5276 --- [http-nio-7070-exec-5] c.u.r.g.i.a.controller.AdminController   : viewAccounts() method started
2019-03-12 08:39:52.110 DEBUG 5276 --- [http-nio-7070-exec-5] c.u.r.g.i.a.service.AdminServiceImpl     : findAllAppAccounts() method started
2019-03-12 08:39:52.115  INFO 5276 --- [http-nio-7070-exec-5] c.u.r.g.i.a.service.AdminServiceImpl     : All Accounts details loaded successfully
2019-03-12 08:39:52.118 DEBUG 5276 --- [http-nio-7070-exec-5] c.u.r.g.i.a.service.AdminServiceImpl     : findAllAppAccounts() method ended
2019-03-12 08:39:52.118 DEBUG 5276 --- [http-nio-7070-exec-5] c.u.r.g.i.a.controller.AdminController   : viewAccounts() method ended
2019-03-12 08:40:34.513 DEBUG 5276 --- [http-nio-7070-exec-7] c.u.r.g.i.a.controller.AdminController   : viewAccounts() method started
2019-03-12 08:40:34.514 DEBUG 5276 --- [http-nio-7070-exec-7] c.u.r.g.i.a.service.AdminServiceImpl     : findAllAppAccounts() method started
2019-03-12 08:40:34.526  INFO 5276 --- [http-nio-7070-exec-7] c.u.r.g.i.a.service.AdminServiceImpl     : All Accounts details loaded successfully
2019-03-12 08:40:34.526 DEBUG 5276 --- [http-nio-7070-exec-7] c.u.r.g.i.a.service.AdminServiceImpl     : findAllAppAccounts() method ended
2019-03-12 08:40:34.527 DEBUG 5276 --- [http-nio-7070-exec-7] c.u.r.g.i.a.controller.AdminController   : viewAccounts() method ended
2019-03-12 08:42:22.537 DEBUG 5276 --- [http-nio-7070-exec-10] c.u.r.g.i.a.controller.AdminController   : viewAccounts() method started
2019-03-12 08:42:22.538 DEBUG 5276 --- [http-nio-7070-exec-10] c.u.r.g.i.a.service.AdminServiceImpl     : findAllAppAccounts() method started
2019-03-12 08:42:22.543  INFO 5276 --- [http-nio-7070-exec-10] c.u.r.g.i.a.service.AdminServiceImpl     : All Accounts details loaded successfully
2019-03-12 08:42:22.544 DEBUG 5276 --- [http-nio-7070-exec-10] c.u.r.g.i.a.service.AdminServiceImpl     : findAllAppAccounts() method ended
2019-03-12 08:42:22.545 DEBUG 5276 --- [http-nio-7070-exec-10] c.u.r.g.i.a.controller.AdminController   : viewAccounts() method ended
2019-03-12 08:42:42.167 DEBUG 5276 --- [http-nio-7070-exec-2] c.u.r.g.i.a.controller.AdminController   : viewAccounts() method started
2019-03-12 08:42:42.167 DEBUG 5276 --- [http-nio-7070-exec-2] c.u.r.g.i.a.service.AdminServiceImpl     : findAllAppAccounts() method started
2019-03-12 08:42:42.181  INFO 5276 --- [http-nio-7070-exec-2] c.u.r.g.i.a.service.AdminServiceImpl     : All Accounts details loaded successfully
2019-03-12 08:42:42.181 DEBUG 5276 --- [http-nio-7070-exec-2] c.u.r.g.i.a.service.AdminServiceImpl     : findAllAppAccounts() method ended
2019-03-12 08:42:42.181 DEBUG 5276 --- [http-nio-7070-exec-2] c.u.r.g.i.a.controller.AdminController   : viewAccounts() method ended
2019-03-12 08:42:42.720 DEBUG 5276 --- [http-nio-7070-exec-3] c.u.r.g.i.a.controller.AdminController   : viewAccounts() method started
2019-03-12 08:42:42.721 DEBUG 5276 --- [http-nio-7070-exec-3] c.u.r.g.i.a.service.AdminServiceImpl     : findAllAppAccounts() method started
2019-03-12 08:42:42.735  INFO 5276 --- [http-nio-7070-exec-3] c.u.r.g.i.a.service.AdminServiceImpl     : All Accounts details loaded successfully
2019-03-12 08:42:42.736 DEBUG 5276 --- [http-nio-7070-exec-3] c.u.r.g.i.a.service.AdminServiceImpl     : findAllAppAccounts() method ended
2019-03-12 08:42:42.736 DEBUG 5276 --- [http-nio-7070-exec-3] c.u.r.g.i.a.controller.AdminController   : viewAccounts() method ended
2019-03-12 08:42:43.065 DEBUG 5276 --- [http-nio-7070-exec-4] c.u.r.g.i.a.controller.AdminController   : viewAccounts() method started
2019-03-12 08:42:43.066 DEBUG 5276 --- [http-nio-7070-exec-4] c.u.r.g.i.a.service.AdminServiceImpl     : findAllAppAccounts() method started
2019-03-12 08:42:43.071  INFO 5276 --- [http-nio-7070-exec-4] c.u.r.g.i.a.service.AdminServiceImpl     : All Accounts details loaded successfully
2019-03-12 08:42:43.071 DEBUG 5276 --- [http-nio-7070-exec-4] c.u.r.g.i.a.service.AdminServiceImpl     : findAllAppAccounts() method ended
2019-03-12 08:42:43.071 DEBUG 5276 --- [http-nio-7070-exec-4] c.u.r.g.i.a.controller.AdminController   : viewAccounts() method ended
2019-03-12 08:42:43.328 DEBUG 5276 --- [http-nio-7070-exec-5] c.u.r.g.i.a.controller.AdminController   : viewAccounts() method started
2019-03-12 08:42:43.328 DEBUG 5276 --- [http-nio-7070-exec-5] c.u.r.g.i.a.service.AdminServiceImpl     : findAllAppAccounts() method started
2019-03-12 08:42:43.331  INFO 5276 --- [http-nio-7070-exec-5] c.u.r.g.i.a.service.AdminServiceImpl     : All Accounts details loaded successfully
2019-03-12 08:42:43.331 DEBUG 5276 --- [http-nio-7070-exec-5] c.u.r.g.i.a.service.AdminServiceImpl     : findAllAppAccounts() method ended
2019-03-12 08:42:43.331 DEBUG 5276 --- [http-nio-7070-exec-5] c.u.r.g.i.a.controller.AdminController   : viewAccounts() method ended
2019-03-12 08:42:43.542 DEBUG 5276 --- [http-nio-7070-exec-6] c.u.r.g.i.a.controller.AdminController   : viewAccounts() method started
2019-03-12 08:42:43.542 DEBUG 5276 --- [http-nio-7070-exec-6] c.u.r.g.i.a.service.AdminServiceImpl     : findAllAppAccounts() method started
2019-03-12 08:42:43.545  INFO 5276 --- [http-nio-7070-exec-6] c.u.r.g.i.a.service.AdminServiceImpl     : All Accounts details loaded successfully
2019-03-12 08:42:43.546 DEBUG 5276 --- [http-nio-7070-exec-6] c.u.r.g.i.a.service.AdminServiceImpl     : findAllAppAccounts() method ended
2019-03-12 08:42:43.546 DEBUG 5276 --- [http-nio-7070-exec-6] c.u.r.g.i.a.controller.AdminController   : viewAccounts() method ended
2019-03-12 08:42:43.713 DEBUG 5276 --- [http-nio-7070-exec-7] c.u.r.g.i.a.controller.AdminController   : viewAccounts() method started
2019-03-12 08:42:43.714 DEBUG 5276 --- [http-nio-7070-exec-7] c.u.r.g.i.a.service.AdminServiceImpl     : findAllAppAccounts() method started
2019-03-12 08:42:43.716  INFO 5276 --- [http-nio-7070-exec-7] c.u.r.g.i.a.service.AdminServiceImpl     : All Accounts details loaded successfully
2019-03-12 08:42:43.717 DEBUG 5276 --- [http-nio-7070-exec-7] c.u.r.g.i.a.service.AdminServiceImpl     : findAllAppAccounts() method ended
2019-03-12 08:42:43.717 DEBUG 5276 --- [http-nio-7070-exec-7] c.u.r.g.i.a.controller.AdminController   : viewAccounts() method ended
2019-03-12 08:42:43.891 DEBUG 5276 --- [http-nio-7070-exec-8] c.u.r.g.i.a.controller.AdminController   : viewAccounts() method started
2019-03-12 08:42:43.892 DEBUG 5276 --- [http-nio-7070-exec-8] c.u.r.g.i.a.service.AdminServiceImpl     : findAllAppAccounts() method started
2019-03-12 08:42:43.895  INFO 5276 --- [http-nio-7070-exec-8] c.u.r.g.i.a.service.AdminServiceImpl     : All Accounts details loaded successfully
2019-03-12 08:42:43.895 DEBUG 5276 --- [http-nio-7070-exec-8] c.u.r.g.i.a.service.AdminServiceImpl     : findAllAppAccounts() method ended
2019-03-12 08:42:43.896 DEBUG 5276 --- [http-nio-7070-exec-8] c.u.r.g.i.a.controller.AdminController   : viewAccounts() method ended
2019-03-12 08:43:23.372 DEBUG 5276 --- [http-nio-7070-exec-10] c.u.r.g.i.a.controller.AdminController   : viewAccounts() method started
2019-03-12 08:43:23.373 DEBUG 5276 --- [http-nio-7070-exec-10] c.u.r.g.i.a.service.AdminServiceImpl     : findAllAppAccounts() method started
2019-03-12 08:43:23.378  INFO 5276 --- [http-nio-7070-exec-10] c.u.r.g.i.a.service.AdminServiceImpl     : All Accounts details loaded successfully
2019-03-12 08:43:23.378 DEBUG 5276 --- [http-nio-7070-exec-10] c.u.r.g.i.a.service.AdminServiceImpl     : findAllAppAccounts() method ended
2019-03-12 08:43:23.378 DEBUG 5276 --- [http-nio-7070-exec-10] c.u.r.g.i.a.controller.AdminController   : viewAccounts() method ended
2019-03-12 08:44:07.884 DEBUG 5276 --- [http-nio-7070-exec-3] c.u.r.g.i.a.controller.AdminController   : AdminController::accRegForm() started
2019-03-12 08:44:07.885 DEBUG 5276 --- [http-nio-7070-exec-3] c.u.r.g.i.a.controller.AdminController   : AdminController::accRegForm() ended
2019-03-12 08:44:07.885  INFO 5276 --- [http-nio-7070-exec-3] c.u.r.g.i.a.controller.AdminController   : Account Reg Form loaded Successfully
2019-03-12 08:44:37.261 DEBUG 5276 --- [http-nio-7070-exec-8] c.u.r.g.i.a.controller.AdminController   : user account creation started
2019-03-12 08:44:37.262 DEBUG 5276 --- [http-nio-7070-exec-8] c.u.r.g.i.a.service.AdminServiceImpl     : User Registration started
2019-03-12 08:44:37.528  INFO 5276 --- [http-nio-7070-exec-8] com.usa.ri.gov.ies.util.PasswordUtils    : Password Encrypted Successfully
2019-03-12 08:44:39.185 DEBUG 5276 --- [http-nio-7070-exec-8] c.u.r.g.i.a.service.AdminServiceImpl     : Reading Reg Email content started
2019-03-12 08:44:39.187 DEBUG 5276 --- [http-nio-7070-exec-8] c.u.r.g.i.a.service.AdminServiceImpl     : Reading Reg Email content Ended
2019-03-12 08:44:39.187  INFO 5276 --- [http-nio-7070-exec-8] c.u.r.g.i.a.service.AdminServiceImpl     : Reg Email body parsing completed
2019-03-12 08:44:44.273 ERROR 5276 --- [http-nio-7070-exec-8] c.u.r.g.i.a.service.AdminServiceImpl     : User Registration failed : Mail server connection failed; nested exception is javax.mail.MessagingException: Could not convert socket to TLS;
  nested exception is:
	javax.net.ssl.SSLHandshakeException: sun.security.validator.ValidatorException: PKIX path building failed: sun.security.provider.certpath.SunCertPathBuilderException: unable to find valid certification path to requested target. Failed messages: javax.mail.MessagingException: Could not convert socket to TLS;
  nested exception is:
	javax.net.ssl.SSLHandshakeException: sun.security.validator.ValidatorException: PKIX path building failed: sun.security.provider.certpath.SunCertPathBuilderException: unable to find valid certification path to requested target
2019-03-12 08:44:44.273 DEBUG 5276 --- [http-nio-7070-exec-8] c.u.r.g.i.a.service.AdminServiceImpl     : User Registration completed
2019-03-12 08:44:44.274  INFO 5276 --- [http-nio-7070-exec-8] c.u.r.g.i.a.service.AdminServiceImpl     : AdminServiceImpl::registerAccount() completed
2019-03-12 08:44:44.275 DEBUG 5276 --- [http-nio-7070-exec-8] c.u.r.g.i.a.controller.AdminController   : user account creation ended
2019-03-12 08:44:44.275  INFO 5276 --- [http-nio-7070-exec-8] c.u.r.g.i.a.controller.AdminController   : User Account creation completed successfully
2019-03-12 08:45:04.631  INFO 5276 --- [RMI TCP Connection(2)-127.0.0.1] inMXBeanRegistrar$SpringApplicationAdmin : Application shutdown requested.
2019-03-12 08:45:04.641  INFO 5276 --- [RMI TCP Connection(2)-127.0.0.1] o.s.s.concurrent.ThreadPoolTaskExecutor  : Shutting down ExecutorService 'applicationTaskExecutor'
2019-03-12 08:45:04.643  INFO 5276 --- [RMI TCP Connection(2)-127.0.0.1] j.LocalContainerEntityManagerFactoryBean : Closing JPA EntityManagerFactory for persistence unit 'default'
2019-03-12 08:45:04.662  INFO 5276 --- [RMI TCP Connection(2)-127.0.0.1] com.zaxxer.hikari.HikariDataSource       : HikariPool-1 - Shutdown initiated...
2019-03-12 08:45:04.674  INFO 5276 --- [RMI TCP Connection(2)-127.0.0.1] com.zaxxer.hikari.HikariDataSource       : HikariPool-1 - Shutdown completed.
2019-03-12 08:46:27.102  INFO 1560 --- [restartedMain] com.usa.ri.gov.ies.IesApplication        : Starting IesApplication on server with PID 1560 (E:\280119\workspace\IES\target\classes started by admin in E:\280119\workspace\IES)
2019-03-12 08:46:27.106 DEBUG 1560 --- [restartedMain] com.usa.ri.gov.ies.IesApplication        : Running with Spring Boot v2.1.2.RELEASE, Spring v5.1.4.RELEASE
2019-03-12 08:46:27.106  INFO 1560 --- [restartedMain] com.usa.ri.gov.ies.IesApplication        : The following profiles are active: dev
2019-03-12 08:46:27.166  INFO 1560 --- [restartedMain] .e.DevToolsPropertyDefaultsPostProcessor : Devtools property defaults active! Set 'spring.devtools.add-properties' to 'false' to disable
2019-03-12 08:46:27.167  INFO 1560 --- [restartedMain] .e.DevToolsPropertyDefaultsPostProcessor : For additional web related logging consider setting the 'logging.level.web' property to 'DEBUG'
2019-03-12 08:46:28.195  INFO 1560 --- [restartedMain] .s.d.r.c.RepositoryConfigurationDelegate : Bootstrapping Spring Data repositories in DEFAULT mode.
2019-03-12 08:46:28.276  INFO 1560 --- [restartedMain] .s.d.r.c.RepositoryConfigurationDelegate : Finished Spring Data repository scanning in 73ms. Found 1 repository interfaces.
2019-03-12 08:46:29.013  INFO 1560 --- [restartedMain] trationDelegate$BeanPostProcessorChecker : Bean 'org.springframework.transaction.annotation.ProxyTransactionManagementConfiguration' of type [org.springframework.transaction.annotation.ProxyTransactionManagementConfiguration$$EnhancerBySpringCGLIB$$f17f60f2] is not eligible for getting processed by all BeanPostProcessors (for example: not eligible for auto-proxying)
2019-03-12 08:46:29.485  INFO 1560 --- [restartedMain] o.s.b.w.embedded.tomcat.TomcatWebServer  : Tomcat initialized with port(s): 7070 (http)
2019-03-12 08:46:29.513  INFO 1560 --- [restartedMain] o.apache.catalina.core.StandardService   : Starting service [Tomcat]
2019-03-12 08:46:29.513  INFO 1560 --- [restartedMain] org.apache.catalina.core.StandardEngine  : Starting Servlet engine: [Apache Tomcat/9.0.14]
2019-03-12 08:46:29.521  INFO 1560 --- [restartedMain] o.a.catalina.core.AprLifecycleListener   : The APR based Apache Tomcat Native library which allows optimal performance in production environments was not found on the java.library.path: [C:\Program Files (x86)\Java\jdk1.8.0_20\bin;C:\Windows\Sun\Java\bin;C:\Windows\system32;C:\Windows;c:/Program Files (x86)/Java/jdk1.8.0_20/bin/../jre/bin/client;c:/Program Files (x86)/Java/jdk1.8.0_20/bin/../jre/bin;c:/Program Files (x86)/Java/jdk1.8.0_20/bin/../jre/lib/i386;C:\Users\admin\AppData\Local\Programs\Python\Python36\Scripts\;C:\Users\admin\AppData\Local\Programs\Python\Python36\;C:\oraclexe\app\oracle\product\10.2.0\server\bin;C:\Program Files\Python36\Scripts\;C:\Program Files\Python36\;c:\Program Files (x86)\Java\jdk1.8.0_20\bin;C:\ProgramData\Oracle\Java\javapath;c:\oracle\product\10.2.0\db_1\bin;C:\Windows\system32;C:\Windows;C:\Windows\System32\Wbem;C:\Windows\System32\WindowsPowerShell\v1.0\;C:\apache-maven-3.5.4\bin;C:\Program Files\nodejs\;C:\Program Files\Git\cmd;C:\Program Files\VisualSVN Server\bin;C:\Program Files\TortoiseSVN\bin;E:\Softwares\zookeeper-3.4.12\bin;.;C:\Program Files\Python36;C:\Program Files\Python36\Scripts;E:\Softwares\zookeeper-3.4.12\bin;.;;E:\sts-bundle\sts-3.9.5.RELEASE;;.]
2019-03-12 08:46:29.937  INFO 1560 --- [restartedMain] org.apache.jasper.servlet.TldScanner     : At least one JAR was scanned for TLDs yet contained no TLDs. Enable debug logging for this logger for a complete list of JARs that were scanned but no TLDs were found in them. Skipping unneeded JARs during scanning can improve startup time and JSP compilation time.
2019-03-12 08:46:29.942  INFO 1560 --- [restartedMain] o.a.c.c.C.[Tomcat].[localhost].[/IES]    : Initializing Spring embedded WebApplicationContext
2019-03-12 08:46:29.943  INFO 1560 --- [restartedMain] o.s.web.context.ContextLoader            : Root WebApplicationContext: initialization completed in 2774 ms
2019-03-12 08:46:30.163  INFO 1560 --- [restartedMain] com.zaxxer.hikari.HikariDataSource       : HikariPool-1 - Starting...
2019-03-12 08:46:30.164  WARN 1560 --- [restartedMain] com.zaxxer.hikari.util.DriverDataSource  : Registered driver with driverClassName=oracle.jdbc.driver.OracleDriver was not found, trying direct instantiation.
2019-03-12 08:46:30.277  INFO 1560 --- [restartedMain] com.zaxxer.hikari.pool.PoolBase          : HikariPool-1 - Driver does not support get/set network timeout for connections. (oracle.jdbc.driver.T4CConnection.getNetworkTimeout()I)
2019-03-12 08:46:30.297  INFO 1560 --- [restartedMain] com.zaxxer.hikari.HikariDataSource       : HikariPool-1 - Start completed.
2019-03-12 08:46:30.360  INFO 1560 --- [restartedMain] o.hibernate.jpa.internal.util.LogHelper  : HHH000204: Processing PersistenceUnitInfo [
	name: default
	...]
2019-03-12 08:46:30.444  INFO 1560 --- [restartedMain] org.hibernate.Version                    : HHH000412: Hibernate Core {5.3.7.Final}
2019-03-12 08:46:30.448  INFO 1560 --- [restartedMain] org.hibernate.cfg.Environment            : HHH000206: hibernate.properties not found
2019-03-12 08:46:30.648  INFO 1560 --- [restartedMain] o.hibernate.annotations.common.Version   : HCANN000001: Hibernate Commons Annotations {5.0.4.Final}
2019-03-12 08:46:30.820  INFO 1560 --- [restartedMain] org.hibernate.dialect.Dialect            : HHH000400: Using dialect: org.hibernate.dialect.OracleDialect
2019-03-12 08:46:30.827  WARN 1560 --- [restartedMain] org.hibernate.dialect.Oracle9Dialect     : HHH000063: The Oracle9Dialect dialect has been deprecated; use either Oracle9iDialect or Oracle10gDialect instead
2019-03-12 08:46:30.830  WARN 1560 --- [restartedMain] org.hibernate.dialect.OracleDialect      : HHH000064: The OracleDialect dialect has been deprecated; use Oracle8iDialect instead
2019-03-12 08:46:31.807  WARN 1560 --- [restartedMain] o.h.t.s.i.ExceptionHandlerLoggedImpl     : GenerationTarget encountered exception accepting command : Error executing DDL "
    create table app_accounts (
       acc_id number(10,0) not null,
        active_sw varchar2(255),
        create_dt date,
        dob varchar2(255),
        email varchar2(255),
        fname varchar2(255),
        gender varchar2(255),
        lname varchar2(255),
        pwd varchar2(255),
        phno varchar2(255),
        role varchar2(255),
        ssn number(19,0),
        update_dt date,
        primary key (acc_id)
    )" via JDBC Statement

org.hibernate.tool.schema.spi.CommandAcceptanceException: Error executing DDL "
    create table app_accounts (
       acc_id number(10,0) not null,
        active_sw varchar2(255),
        create_dt date,
        dob varchar2(255),
        email varchar2(255),
        fname varchar2(255),
        gender varchar2(255),
        lname varchar2(255),
        pwd varchar2(255),
        phno varchar2(255),
        role varchar2(255),
        ssn number(19,0),
        update_dt date,
        primary key (acc_id)
    )" via JDBC Statement
	at org.hibernate.tool.schema.internal.exec.GenerationTargetToDatabase.accept(GenerationTargetToDatabase.java:67) ~[hibernate-core-5.3.7.Final.jar:5.3.7.Final]
	at org.hibernate.tool.schema.internal.AbstractSchemaMigrator.applySqlString(AbstractSchemaMigrator.java:559) [hibernate-core-5.3.7.Final.jar:5.3.7.Final]
	at org.hibernate.tool.schema.internal.AbstractSchemaMigrator.applySqlStrings(AbstractSchemaMigrator.java:504) [hibernate-core-5.3.7.Final.jar:5.3.7.Final]
	at org.hibernate.tool.schema.internal.AbstractSchemaMigrator.createTable(AbstractSchemaMigrator.java:277) [hibernate-core-5.3.7.Final.jar:5.3.7.Final]
	at org.hibernate.tool.schema.internal.GroupedSchemaMigratorImpl.performTablesMigration(GroupedSchemaMigratorImpl.java:71) [hibernate-core-5.3.7.Final.jar:5.3.7.Final]
	at org.hibernate.tool.schema.internal.AbstractSchemaMigrator.performMigration(AbstractSchemaMigrator.java:207) [hibernate-core-5.3.7.Final.jar:5.3.7.Final]
	at org.hibernate.tool.schema.internal.AbstractSchemaMigrator.doMigration(AbstractSchemaMigrator.java:114) [hibernate-core-5.3.7.Final.jar:5.3.7.Final]
	at org.hibernate.tool.schema.spi.SchemaManagementToolCoordinator.performDatabaseAction(SchemaManagementToolCoordinator.java:183) [hibernate-core-5.3.7.Final.jar:5.3.7.Final]
	at org.hibernate.tool.schema.spi.SchemaManagementToolCoordinator.process(SchemaManagementToolCoordinator.java:72) [hibernate-core-5.3.7.Final.jar:5.3.7.Final]
	at org.hibernate.internal.SessionFactoryImpl.<init>(SessionFactoryImpl.java:310) [hibernate-core-5.3.7.Final.jar:5.3.7.Final]
	at org.hibernate.boot.internal.SessionFactoryBuilderImpl.build(SessionFactoryBuilderImpl.java:467) [hibernate-core-5.3.7.Final.jar:5.3.7.Final]
	at org.hibernate.jpa.boot.internal.EntityManagerFactoryBuilderImpl.build(EntityManagerFactoryBuilderImpl.java:939) [hibernate-core-5.3.7.Final.jar:5.3.7.Final]
	at org.springframework.orm.jpa.vendor.SpringHibernateJpaPersistenceProvider.createContainerEntityManagerFactory(SpringHibernateJpaPersistenceProvider.java:57) [spring-orm-5.1.4.RELEASE.jar:5.1.4.RELEASE]
	at org.springframework.orm.jpa.LocalContainerEntityManagerFactoryBean.createNativeEntityManagerFactory(LocalContainerEntityManagerFactoryBean.java:365) [spring-orm-5.1.4.RELEASE.jar:5.1.4.RELEASE]
	at org.springframework.orm.jpa.AbstractEntityManagerFactoryBean.buildNativeEntityManagerFactory(AbstractEntityManagerFactoryBean.java:390) [spring-orm-5.1.4.RELEASE.jar:5.1.4.RELEASE]
	at org.springframework.orm.jpa.AbstractEntityManagerFactoryBean.afterPropertiesSet(AbstractEntityManagerFactoryBean.java:377) [spring-orm-5.1.4.RELEASE.jar:5.1.4.RELEASE]
	at org.springframework.orm.jpa.LocalContainerEntityManagerFactoryBean.afterPropertiesSet(LocalContainerEntityManagerFactoryBean.java:341) [spring-orm-5.1.4.RELEASE.jar:5.1.4.RELEASE]
	at org.springframework.beans.factory.support.AbstractAutowireCapableBeanFactory.invokeInitMethods(AbstractAutowireCapableBeanFactory.java:1804) [spring-beans-5.1.4.RELEASE.jar:5.1.4.RELEASE]
	at org.springframework.beans.factory.support.AbstractAutowireCapableBeanFactory.initializeBean(AbstractAutowireCapableBeanFactory.java:1741) [spring-beans-5.1.4.RELEASE.jar:5.1.4.RELEASE]
	at org.springframework.beans.factory.support.AbstractAutowireCapableBeanFactory.doCreateBean(AbstractAutowireCapableBeanFactory.java:576) [spring-beans-5.1.4.RELEASE.jar:5.1.4.RELEASE]
	at org.springframework.beans.factory.support.AbstractAutowireCapableBeanFactory.createBean(AbstractAutowireCapableBeanFactory.java:498) [spring-beans-5.1.4.RELEASE.jar:5.1.4.RELEASE]
	at org.springframework.beans.factory.support.AbstractBeanFactory.lambda$doGetBean$0(AbstractBeanFactory.java:320) [spring-beans-5.1.4.RELEASE.jar:5.1.4.RELEASE]
	at org.springframework.beans.factory.support.AbstractBeanFactory$$Lambda$121/11350105.getObject(Unknown Source) [spring-beans-5.1.4.RELEASE.jar:5.1.4.RELEASE]
	at org.springframework.beans.factory.support.DefaultSingletonBeanRegistry.getSingleton(DefaultSingletonBeanRegistry.java:222) [spring-beans-5.1.4.RELEASE.jar:5.1.4.RELEASE]
	at org.springframework.beans.factory.support.AbstractBeanFactory.doGetBean(AbstractBeanFactory.java:318) [spring-beans-5.1.4.RELEASE.jar:5.1.4.RELEASE]
	at org.springframework.beans.factory.support.AbstractBeanFactory.getBean(AbstractBeanFactory.java:199) [spring-beans-5.1.4.RELEASE.jar:5.1.4.RELEASE]
	at org.springframework.context.support.AbstractApplicationContext.getBean(AbstractApplicationContext.java:1083) [spring-context-5.1.4.RELEASE.jar:5.1.4.RELEASE]
	at org.springframework.context.support.AbstractApplicationContext.finishBeanFactoryInitialization(AbstractApplicationContext.java:853) [spring-context-5.1.4.RELEASE.jar:5.1.4.RELEASE]
	at org.springframework.context.support.AbstractApplicationContext.refresh(AbstractApplicationContext.java:546) [spring-context-5.1.4.RELEASE.jar:5.1.4.RELEASE]
	at org.springframework.boot.web.servlet.context.ServletWebServerApplicationContext.refresh(ServletWebServerApplicationContext.java:142) [spring-boot-2.1.2.RELEASE.jar:2.1.2.RELEASE]
	at org.springframework.boot.SpringApplication.refresh(SpringApplication.java:775) [spring-boot-2.1.2.RELEASE.jar:2.1.2.RELEASE]
	at org.springframework.boot.SpringApplication.refreshContext(SpringApplication.java:397) [spring-boot-2.1.2.RELEASE.jar:2.1.2.RELEASE]
	at org.springframework.boot.SpringApplication.run(SpringApplication.java:316) [spring-boot-2.1.2.RELEASE.jar:2.1.2.RELEASE]
	at org.springframework.boot.SpringApplication.run(SpringApplication.java:1260) [spring-boot-2.1.2.RELEASE.jar:2.1.2.RELEASE]
	at org.springframework.boot.SpringApplication.run(SpringApplication.java:1248) [spring-boot-2.1.2.RELEASE.jar:2.1.2.RELEASE]
	at com.usa.ri.gov.ies.IesApplication.main(IesApplication.java:10) [classes/:na]
	at sun.reflect.NativeMethodAccessorImpl.invoke0(Native Method) ~[na:1.8.0_20]
	at sun.reflect.NativeMethodAccessorImpl.invoke(NativeMethodAccessorImpl.java:62) ~[na:1.8.0_20]
	at sun.reflect.DelegatingMethodAccessorImpl.invoke(DelegatingMethodAccessorImpl.java:43) ~[na:1.8.0_20]
	at java.lang.reflect.Method.invoke(Method.java:483) ~[na:1.8.0_20]
	at org.springframework.boot.devtools.restart.RestartLauncher.run(RestartLauncher.java:49) [spring-boot-devtools-2.1.2.RELEASE.jar:2.1.2.RELEASE]
Caused by: java.sql.SQLSyntaxErrorException: ORA-00955: name is already used by an existing object

	at oracle.jdbc.driver.T4CTTIoer.processError(T4CTTIoer.java:447) ~[ojdbc6-2.1.jar:11.2.0.4.0]
	at oracle.jdbc.driver.T4CTTIoer.processError(T4CTTIoer.java:396) ~[ojdbc6-2.1.jar:11.2.0.4.0]
	at oracle.jdbc.driver.T4C8Oall.processError(T4C8Oall.java:951) ~[ojdbc6-2.1.jar:11.2.0.4.0]
	at oracle.jdbc.driver.T4CTTIfun.receive(T4CTTIfun.java:513) ~[ojdbc6-2.1.jar:11.2.0.4.0]
	at oracle.jdbc.driver.T4CTTIfun.doRPC(T4CTTIfun.java:227) ~[ojdbc6-2.1.jar:11.2.0.4.0]
	at oracle.jdbc.driver.T4C8Oall.doOALL(T4C8Oall.java:531) ~[ojdbc6-2.1.jar:11.2.0.4.0]
	at oracle.jdbc.driver.T4CStatement.doOall8(T4CStatement.java:195) ~[ojdbc6-2.1.jar:11.2.0.4.0]
	at oracle.jdbc.driver.T4CStatement.executeForRows(T4CStatement.java:1036) ~[ojdbc6-2.1.jar:11.2.0.4.0]
	at oracle.jdbc.driver.OracleStatement.doExecuteWithTimeout(OracleStatement.java:1336) ~[ojdbc6-2.1.jar:11.2.0.4.0]
	at oracle.jdbc.driver.OracleStatement.executeInternal(OracleStatement.java:1916) ~[ojdbc6-2.1.jar:11.2.0.4.0]
	at oracle.jdbc.driver.OracleStatement.execute(OracleStatement.java:1878) ~[ojdbc6-2.1.jar:11.2.0.4.0]
	at oracle.jdbc.driver.OracleStatementWrapper.execute(OracleStatementWrapper.java:318) ~[ojdbc6-2.1.jar:11.2.0.4.0]
	at com.zaxxer.hikari.pool.ProxyStatement.execute(ProxyStatement.java:95) ~[HikariCP-3.2.0.jar:na]
	at com.zaxxer.hikari.pool.HikariProxyStatement.execute(HikariProxyStatement.java) ~[HikariCP-3.2.0.jar:na]
	at org.hibernate.tool.schema.internal.exec.GenerationTargetToDatabase.accept(GenerationTargetToDatabase.java:54) ~[hibernate-core-5.3.7.Final.jar:5.3.7.Final]
	... 40 common frames omitted

2019-03-12 08:46:31.960  INFO 1560 --- [restartedMain] j.LocalContainerEntityManagerFactoryBean : Initialized JPA EntityManagerFactory for persistence unit 'default'
2019-03-12 08:46:32.012  INFO 1560 --- [restartedMain] o.s.b.d.a.OptionalLiveReloadServer       : LiveReload server is running on port 35729
2019-03-12 08:46:32.424  INFO 1560 --- [restartedMain] c.u.r.g.i.a.c.WelcomeRestController      : WelcomeRestController::Intialized
2019-03-12 08:46:32.773  INFO 1560 --- [restartedMain] o.s.s.concurrent.ThreadPoolTaskExecutor  : Initializing ExecutorService 'applicationTaskExecutor'
2019-03-12 08:46:32.817  WARN 1560 --- [restartedMain] aWebConfiguration$JpaWebMvcConfiguration : spring.jpa.open-in-view is enabled by default. Therefore, database queries may be performed during view rendering. Explicitly configure spring.jpa.open-in-view to disable this warning
2019-03-12 08:46:33.104  INFO 1560 --- [restartedMain] o.s.b.w.embedded.tomcat.TomcatWebServer  : Tomcat started on port(s): 7070 (http) with context path '/IES'
2019-03-12 08:46:33.108  INFO 1560 --- [restartedMain] com.usa.ri.gov.ies.IesApplication        : Started IesApplication in 6.771 seconds (JVM running for 7.819)
2019-03-12 08:46:52.280  INFO 1560 --- [http-nio-7070-exec-1] o.a.c.c.C.[Tomcat].[localhost].[/IES]    : Initializing Spring DispatcherServlet 'dispatcherServlet'
2019-03-12 08:46:52.281  INFO 1560 --- [http-nio-7070-exec-1] o.s.web.servlet.DispatcherServlet        : Initializing Servlet 'dispatcherServlet'
2019-03-12 08:46:52.290  INFO 1560 --- [http-nio-7070-exec-1] o.s.web.servlet.DispatcherServlet        : Completed initialization in 9 ms
2019-03-12 08:46:52.323 DEBUG 1560 --- [http-nio-7070-exec-1] c.u.r.g.i.a.controller.AdminController   : viewAccounts() method started
2019-03-12 08:46:52.327 DEBUG 1560 --- [http-nio-7070-exec-1] c.u.r.g.i.a.service.AdminServiceImpl     : findAllAppAccounts() method started
2019-03-12 08:46:52.386  INFO 1560 --- [http-nio-7070-exec-1] o.h.h.i.QueryTranslatorFactoryInitiator  : HHH000397: Using ASTQueryTranslatorFactory
2019-03-12 08:46:52.538  INFO 1560 --- [http-nio-7070-exec-1] c.u.r.g.i.a.service.AdminServiceImpl     : All Accounts details loaded successfully
2019-03-12 08:46:52.538 DEBUG 1560 --- [http-nio-7070-exec-1] c.u.r.g.i.a.service.AdminServiceImpl     : findAllAppAccounts() method ended
2019-03-12 08:46:52.538 DEBUG 1560 --- [http-nio-7070-exec-1] c.u.r.g.i.a.controller.AdminController   : viewAccounts() method ended
2019-03-12 08:47:45.942 DEBUG 1560 --- [http-nio-7070-exec-4] c.u.r.g.i.a.controller.AdminController   : viewAccounts() method started
2019-03-12 08:47:45.942 DEBUG 1560 --- [http-nio-7070-exec-4] c.u.r.g.i.a.service.AdminServiceImpl     : findAllAppAccounts() method started
2019-03-12 08:47:45.949  INFO 1560 --- [http-nio-7070-exec-4] c.u.r.g.i.a.service.AdminServiceImpl     : All Accounts details loaded successfully
2019-03-12 08:47:45.950 DEBUG 1560 --- [http-nio-7070-exec-4] c.u.r.g.i.a.service.AdminServiceImpl     : findAllAppAccounts() method ended
2019-03-12 08:47:45.950 DEBUG 1560 --- [http-nio-7070-exec-4] c.u.r.g.i.a.controller.AdminController   : viewAccounts() method ended
2019-03-12 08:48:14.408 DEBUG 1560 --- [http-nio-7070-exec-7] c.u.r.g.i.a.controller.AdminController   : viewAccounts() method started
2019-03-12 08:48:14.408 DEBUG 1560 --- [http-nio-7070-exec-7] c.u.r.g.i.a.service.AdminServiceImpl     : findAllAppAccounts() method started
2019-03-12 08:48:14.413  INFO 1560 --- [http-nio-7070-exec-7] c.u.r.g.i.a.service.AdminServiceImpl     : All Accounts details loaded successfully
2019-03-12 08:48:14.413 DEBUG 1560 --- [http-nio-7070-exec-7] c.u.r.g.i.a.service.AdminServiceImpl     : findAllAppAccounts() method ended
2019-03-12 08:48:14.413 DEBUG 1560 --- [http-nio-7070-exec-7] c.u.r.g.i.a.controller.AdminController   : viewAccounts() method ended
2019-03-12 08:48:44.380  INFO 1560 --- [RMI TCP Connection(2)-127.0.0.1] inMXBeanRegistrar$SpringApplicationAdmin : Application shutdown requested.
2019-03-12 08:48:44.390  INFO 1560 --- [RMI TCP Connection(2)-127.0.0.1] o.s.s.concurrent.ThreadPoolTaskExecutor  : Shutting down ExecutorService 'applicationTaskExecutor'
2019-03-12 08:48:44.391  INFO 1560 --- [RMI TCP Connection(2)-127.0.0.1] j.LocalContainerEntityManagerFactoryBean : Closing JPA EntityManagerFactory for persistence unit 'default'
2019-03-12 08:48:44.400  INFO 1560 --- [RMI TCP Connection(2)-127.0.0.1] com.zaxxer.hikari.HikariDataSource       : HikariPool-1 - Shutdown initiated...
2019-03-12 08:48:44.412  INFO 1560 --- [RMI TCP Connection(2)-127.0.0.1] com.zaxxer.hikari.HikariDataSource       : HikariPool-1 - Shutdown completed.
